This file contains any messages produced by compilers while
running configure, to aid debugging if configure makes a mistake.

It was created by true configure 1.0, which was
generated by GNU Autoconf 2.68.  Invocation command line was

  $ ./configure 

## --------- ##
## Platform. ##
## --------- ##

hostname = rnslinux
uname -m = x86_64
uname -r = 3.5.0-23-generic
uname -s = Linux
uname -v = #35~precise1-Ubuntu SMP Fri Jan 25 17:13:26 UTC 2013

/usr/bin/uname -p = unknown
/bin/uname -X     = unknown

/bin/arch              = unknown
/usr/bin/arch -k       = unknown
/usr/convex/getsysinfo = unknown
/usr/bin/hostinfo      = unknown
/bin/machine           = unknown
/usr/bin/oslevel       = unknown
/bin/universe          = unknown

PATH: /usr/local/sbin
PATH: /usr/local/bin
PATH: /usr/sbin
PATH: /usr/bin
PATH: /sbin
PATH: /bin
PATH: /usr/games


## ----------- ##
## Core tests. ##
## ----------- ##

configure:2049: checking for a BSD-compatible install
configure:2117: result: /usr/bin/install -c
configure:2128: checking whether build environment is sane
configure:2178: result: yes
configure:2319: checking for a thread-safe mkdir -p
configure:2358: result: /bin/mkdir -p
configure:2371: checking for gawk
configure:2401: result: no
configure:2371: checking for mawk
configure:2387: found /usr/bin/mawk
configure:2398: result: mawk
configure:2409: checking whether make sets $(MAKE)
configure:2431: result: yes
configure:2561: checking for gcc
configure:2577: found /usr/bin/gcc
configure:2588: result: gcc
configure:2817: checking for C compiler version
configure:2826: gcc --version >&5
gcc (Ubuntu/Linaro 4.6.3-1ubuntu5) 4.6.3
Copyright (C) 2011 Free Software Foundation, Inc.
This is free software; see the source for copying conditions.  There is NO
warranty; not even for MERCHANTABILITY or FITNESS FOR A PARTICULAR PURPOSE.

configure:2837: $? = 0
configure:2826: gcc -v >&5
Using built-in specs.
COLLECT_GCC=gcc
COLLECT_LTO_WRAPPER=/usr/lib/gcc/x86_64-linux-gnu/4.6/lto-wrapper
Target: x86_64-linux-gnu
Configured with: ../src/configure -v --with-pkgversion='Ubuntu/Linaro 4.6.3-1ubuntu5' --with-bugurl=file:///usr/share/doc/gcc-4.6/README.Bugs --enable-languages=c,c++,fortran,objc,obj-c++ --prefix=/usr --program-suffix=-4.6 --enable-shared --enable-linker-build-id --with-system-zlib --libexecdir=/usr/lib --without-included-gettext --enable-threads=posix --with-gxx-include-dir=/usr/include/c++/4.6 --libdir=/usr/lib --enable-nls --with-sysroot=/ --enable-clocale=gnu --enable-libstdcxx-debug --enable-libstdcxx-time=yes --enable-gnu-unique-object --enable-plugin --enable-objc-gc --disable-werror --with-arch-32=i686 --with-tune=generic --enable-checking=release --build=x86_64-linux-gnu --host=x86_64-linux-gnu --target=x86_64-linux-gnu
Thread model: posix
gcc version 4.6.3 (Ubuntu/Linaro 4.6.3-1ubuntu5) 
configure:2837: $? = 0
configure:2826: gcc -V >&5
gcc: error: unrecognized option '-V'
gcc: fatal error: no input files
compilation terminated.
configure:2837: $? = 4
configure:2826: gcc -qversion >&5
gcc: error: unrecognized option '-qversion'
gcc: fatal error: no input files
compilation terminated.
configure:2837: $? = 4
configure:2857: checking whether the C compiler works
configure:2879: gcc    conftest.c  >&5
configure:2883: $? = 0
configure:2931: result: yes
configure:2934: checking for C compiler default output file name
configure:2936: result: a.out
configure:2942: checking for suffix of executables
configure:2949: gcc -o conftest    conftest.c  >&5
configure:2953: $? = 0
configure:2975: result: 
configure:2997: checking whether we are cross compiling
configure:3005: gcc -o conftest    conftest.c  >&5
configure:3009: $? = 0
configure:3016: ./conftest
configure:3020: $? = 0
configure:3035: result: no
configure:3040: checking for suffix of object files
configure:3062: gcc -c   conftest.c >&5
configure:3066: $? = 0
configure:3087: result: o
configure:3091: checking whether we are using the GNU C compiler
configure:3110: gcc -c   conftest.c >&5
configure:3110: $? = 0
configure:3119: result: yes
configure:3128: checking whether gcc accepts -g
configure:3148: gcc -c -g  conftest.c >&5
configure:3148: $? = 0
configure:3189: result: yes
configure:3206: checking for gcc option to accept ISO C89
configure:3270: gcc  -c -g -O2  conftest.c >&5
configure:3270: $? = 0
configure:3283: result: none needed
configure:3314: checking for style of include used by make
configure:3342: result: GNU
configure:3368: checking dependency style of gcc
configure:3479: result: gcc3
configure:3504: checking how to run the C preprocessor
configure:3535: gcc -E  conftest.c
configure:3535: $? = 0
configure:3549: gcc -E  conftest.c
conftest.c:11:28: fatal error: ac_nonexistent.h: No such file or directory
compilation terminated.
configure:3549: $? = 1
configure: failed program was:
| /* confdefs.h */
| #define PACKAGE_NAME "true"
| #define PACKAGE_TARNAME "true"
| #define PACKAGE_VERSION "1.0"
| #define PACKAGE_STRING "true 1.0"
| #define PACKAGE_BUGREPORT "akmonk@mail.ru"
| #define PACKAGE_URL ""
| #define PACKAGE "true"
| #define VERSION "1.0"
| /* end confdefs.h.  */
| #include <ac_nonexistent.h>
configure:3574: result: gcc -E
configure:3594: gcc -E  conftest.c
configure:3594: $? = 0
configure:3608: gcc -E  conftest.c
conftest.c:11:28: fatal error: ac_nonexistent.h: No such file or directory
compilation terminated.
configure:3608: $? = 1
configure: failed program was:
| /* confdefs.h */
| #define PACKAGE_NAME "true"
| #define PACKAGE_TARNAME "true"
| #define PACKAGE_VERSION "1.0"
| #define PACKAGE_STRING "true 1.0"
| #define PACKAGE_BUGREPORT "akmonk@mail.ru"
| #define PACKAGE_URL ""
| #define PACKAGE "true"
| #define VERSION "1.0"
| /* end confdefs.h.  */
| #include <ac_nonexistent.h>
configure:3637: checking for grep that handles long lines and -e
configure:3695: result: /bin/grep
configure:3700: checking for egrep
configure:3762: result: /bin/grep -E
configure:3767: checking for ANSI C header files
configure:3787: gcc -c -g -O2  conftest.c >&5
configure:3787: $? = 0
configure:3860: gcc -o conftest -g -O2   conftest.c  >&5
configure:3860: $? = 0
configure:3860: ./conftest
configure:3860: $? = 0
configure:3871: result: yes
configure:3884: checking for sys/types.h
configure:3884: gcc -c -g -O2  conftest.c >&5
configure:3884: $? = 0
configure:3884: result: yes
configure:3884: checking for sys/stat.h
configure:3884: gcc -c -g -O2  conftest.c >&5
configure:3884: $? = 0
configure:3884: result: yes
configure:3884: checking for stdlib.h
configure:3884: gcc -c -g -O2  conftest.c >&5
configure:3884: $? = 0
configure:3884: result: yes
configure:3884: checking for string.h
configure:3884: gcc -c -g -O2  conftest.c >&5
configure:3884: $? = 0
configure:3884: result: yes
configure:3884: checking for memory.h
configure:3884: gcc -c -g -O2  conftest.c >&5
configure:3884: $? = 0
configure:3884: result: yes
configure:3884: checking for strings.h
configure:3884: gcc -c -g -O2  conftest.c >&5
configure:3884: $? = 0
configure:3884: result: yes
configure:3884: checking for inttypes.h
configure:3884: gcc -c -g -O2  conftest.c >&5
configure:3884: $? = 0
configure:3884: result: yes
configure:3884: checking for stdint.h
configure:3884: gcc -c -g -O2  conftest.c >&5
configure:3884: $? = 0
configure:3884: result: yes
configure:3884: checking for unistd.h
configure:3884: gcc -c -g -O2  conftest.c >&5
configure:3884: $? = 0
configure:3884: result: yes
configure:3898: checking for stdlib.h
configure:3898: result: yes
configure:3910: checking for uid_t in sys/types.h
configure:3929: result: yes
configure:4112: creating ./config.status

## ---------------------- ##
## Running config.status. ##
## ---------------------- ##

This file was extended by true config.status 1.0, which was
generated by GNU Autoconf 2.68.  Invocation command line was

  CONFIG_FILES    = 
  CONFIG_HEADERS  = 
  CONFIG_LINKS    = 
  CONFIG_COMMANDS = 
  $ ./config.status 

on rnslinux

config.status:785: creating Makefile
config.status:785: creating src/Makefile
config.status:957: executing depfiles commands

## ---------------- ##
## Cache variables. ##
## ---------------- ##

ac_cv_c_compiler_gnu=yes
ac_cv_env_CC_set=
ac_cv_env_CC_value=
ac_cv_env_CFLAGS_set=
ac_cv_env_CFLAGS_value=
ac_cv_env_CPPFLAGS_set=
ac_cv_env_CPPFLAGS_value=
ac_cv_env_CPP_set=
ac_cv_env_CPP_value=
ac_cv_env_LDFLAGS_set=
ac_cv_env_LDFLAGS_value=
ac_cv_env_LIBS_set=
ac_cv_env_LIBS_value=
ac_cv_env_build_alias_set=
ac_cv_env_build_alias_value=
ac_cv_env_host_alias_set=
ac_cv_env_host_alias_value=
ac_cv_env_target_alias_set=
ac_cv_env_target_alias_value=
ac_cv_header_inttypes_h=yes
ac_cv_header_memory_h=yes
ac_cv_header_stdc=yes
ac_cv_header_stdint_h=yes
ac_cv_header_stdlib_h=yes
ac_cv_header_string_h=yes
ac_cv_header_strings_h=yes
ac_cv_header_sys_stat_h=yes
ac_cv_header_sys_types_h=yes
ac_cv_header_unistd_h=yes
ac_cv_objext=o
ac_cv_path_EGREP='/bin/grep -E'
ac_cv_path_GREP=/bin/grep
ac_cv_path_install='/usr/bin/install -c'
ac_cv_path_mkdir=/bin/mkdir
ac_cv_prog_AWK=mawk
ac_cv_prog_CPP='gcc -E'
ac_cv_prog_ac_ct_CC=gcc
ac_cv_prog_cc_c89=
ac_cv_prog_cc_g=yes
ac_cv_prog_make_make_set=yes
ac_cv_type_uid_t=yes
am_cv_CC_dependencies_compiler_type=gcc3

## ----------------- ##
## Output variables. ##
## ----------------- ##

ACLOCAL='${SHELL} /home/ak/repos/whoami/true/missing --run aclocal-1.11'
AMDEPBACKSLASH='\'
AMDEP_FALSE='#'
AMDEP_TRUE=''
AMTAR='$${TAR-tar}'
AUTOCONF='${SHELL} /home/ak/repos/whoami/true/missing --run autoconf'
AUTOHEADER='${SHELL} /home/ak/repos/whoami/true/missing --run autoheader'
AUTOMAKE='${SHELL} /home/ak/repos/whoami/true/missing --run automake-1.11'
AWK='mawk'
CC='gcc'
CCDEPMODE='depmode=gcc3'
CFLAGS='-g -O2'
CPP='gcc -E'
CPPFLAGS=''
CYGPATH_W='echo'
DEFS='-DPACKAGE_NAME=\"true\" -DPACKAGE_TARNAME=\"true\" -DPACKAGE_VERSION=\"1.0\" -DPACKAGE_STRING=\"true\ 1.0\" -DPACKAGE_BUGREPORT=\"akmonk@mail.ru\" -DPACKAGE_URL=\"\" -DPACKAGE=\"true\" -DVERSION=\"1.0\" -DSTDC_HEADERS=1 -DHAVE_SYS_TYPES_H=1 -DHAVE_SYS_STAT_H=1 -DHAVE_STDLIB_H=1 -DHAVE_STRING_H=1 -DHAVE_MEMORY_H=1 -DHAVE_STRINGS_H=1 -DHAVE_INTTYPES_H=1 -DHAVE_STDINT_H=1 -DHAVE_UNISTD_H=1 -DHAVE_STDLIB_H=1'
DEPDIR='.deps'
ECHO_C=''
ECHO_N='-n'
ECHO_T=''
EGREP='/bin/grep -E'
EXEEXT=''
GREP='/bin/grep'
INSTALL_DATA='${INSTALL} -m 644'
INSTALL_PROGRAM='${INSTALL}'
INSTALL_SCRIPT='${INSTALL}'
INSTALL_STRIP_PROGRAM='$(install_sh) -c -s'
LDFLAGS=''
LIBOBJS=''
LIBS=''
LTLIBOBJS=''
MAKEINFO='${SHELL} /home/ak/repos/whoami/true/missing --run makeinfo'
MKDIR_P='/bin/mkdir -p'
OBJEXT='o'
PACKAGE='true'
PACKAGE_BUGREPORT='akmonk@mail.ru'
PACKAGE_NAME='true'
PACKAGE_STRING='true 1.0'
PACKAGE_TARNAME='true'
PACKAGE_URL=''
PACKAGE_VERSION='1.0'
PATH_SEPARATOR=':'
SET_MAKE=''
SHELL='/bin/bash'
STRIP=''
VERSION='1.0'
ac_ct_CC='gcc'
am__EXEEXT_FALSE=''
am__EXEEXT_TRUE='#'
am__fastdepCC_FALSE='#'
am__fastdepCC_TRUE=''
am__include='include'
am__isrc=''
am__leading_dot='.'
am__nodep='_no'
am__quote=''
am__tar='$${TAR-tar} chof - "$$tardir"'
am__untar='$${TAR-tar} xf -'
bindir='${exec_prefix}/bin'
build_alias=''
datadir='${datarootdir}'
datarootdir='${prefix}/share'
docdir='${datarootdir}/doc/${PACKAGE_TARNAME}'
dvidir='${docdir}'
exec_prefix='${prefix}'
host_alias=''
htmldir='${docdir}'
includedir='${prefix}/include'
infodir='${datarootdir}/info'
install_sh='${SHELL} /home/ak/repos/whoami/true/install-sh'
libdir='${exec_prefix}/lib'
libexecdir='${exec_prefix}/libexec'
localedir='${datarootdir}/locale'
localstatedir='${prefix}/var'
mandir='${datarootdir}/man'
mkdir_p='/bin/mkdir -p'
oldincludedir='/usr/include'
pdfdir='${docdir}'
prefix='/usr/local'
program_transform_name='s,x,x,'
psdir='${docdir}'
sbindir='${exec_prefix}/sbin'
sharedstatedir='${prefix}/com'
sysconfdir='${prefix}/etc'
target_alias=''

## ----------- ##
## confdefs.h. ##
## ----------- ##

/* confdefs.h */
#define PACKAGE_NAME "true"
#define PACKAGE_TARNAME "true"
#define PACKAGE_VERSION "1.0"
#define PACKAGE_STRING "true 1.0"
#define PACKAGE_BUGREPORT "akmonk@mail.ru"
#define PACKAGE_URL ""
#define PACKAGE "true"
#define VERSION "1.0"
#define STDC_HEADERS 1
#define HAVE_SYS_TYPES_H 1
#define HAVE_SYS_STAT_H 1
#define HAVE_STDLIB_H 1
#define HAVE_STRING_H 1
#define HAVE_MEMORY_H 1
#define HAVE_STRINGS_H 1
#define HAVE_INTTYPES_H 1
#define HAVE_STDINT_H 1
#define HAVE_UNISTD_H 1
#define HAVE_STDLIB_H 1

configure: exit 0
